SF:lib/jsonexpr/json_expr.dart
DA:18,6
DA:19,2
DA:20,2
DA:21,2
DA:22,2
DA:23,2
DA:24,2
DA:25,2
DA:26,2
DA:27,2
DA:28,2
DA:29,2
DA:30,2
DA:31,2
DA:34,1
DA:35,2
DA:37,2
DA:40,2
DA:41,4
DA:43,2
LF:20
LH:20
end_of_record
SF:lib/helper/number_format/constants.dart
DA:5,0
DA:7,0
LF:2
LH:0
end_of_record
SF:lib/helper/number_format/global_state.dart
DA:7,0
DA:11,0
DA:12,0
DA:16,0
DA:17,0
DA:18,0
LF:6
LH:0
end_of_record
SF:lib/helper/number_format/intl_helpers.dart
DA:23,0
DA:25,0
DA:27,0
DA:28,0
DA:45,0
DA:46,0
DA:47,0
DA:49,0
DA:53,0
DA:54,0
DA:56,0
DA:61,0
DA:68,0
DA:69,0
DA:71,0
DA:73,0
DA:74,0
DA:75,0
DA:80,0
DA:81,0
DA:82,0
DA:85,0
DA:86,0
DA:98,0
DA:99,0
DA:100,0
DA:111,0
DA:112,0
DA:117,0
DA:118,0
DA:120,0
DA:121,0
DA:128,0
DA:129,0
DA:130,0
DA:136,0
DA:137,0
DA:138,0
DA:140,0
DA:143,0
DA:144,0
DA:146,0
DA:149,0
DA:152,0
DA:160,0
DA:161,0
DA:162,0
DA:164,0
DA:165,0
DA:168,0
DA:169,0
DA:171,0
DA:172,0
DA:175,0
DA:183,0
DA:184,0
DA:186,0
DA:189,0
DA:190,0
DA:191,0
DA:193,0
DA:194,0
DA:198,0
DA:203,0
DA:204,0
DA:208,0
DA:210,0
DA:213,0
DA:216,0
DA:217,0
DA:218,0
DA:220,0
DA:226,0
LF:73
LH:0
end_of_record
SF:lib/helper/number_format/compact_number_format.dart
DA:33,0
DA:34,0
DA:35,0
DA:38,0
DA:40,0
DA:42,0
DA:43,0
DA:45,0
DA:47,0
DA:48,0
DA:49,0
DA:53,0
DA:55,0
DA:57,0
DA:58,0
DA:59,0
DA:60,0
DA:65,0
DA:66,0
DA:68,0
DA:69,0
DA:71,0
DA:72,0
DA:73,0
DA:74,0
DA:79,0
DA:80,0
DA:82,0
DA:86,0
DA:87,0
DA:88,0
DA:90,0
DA:91,0
DA:93,0
DA:94,0
DA:96,0
DA:97,0
DA:99,0
DA:100,0
DA:102,0
DA:103,0
DA:108,0
DA:114,0
DA:118,0
DA:120,0
DA:122,0
DA:123,0
DA:125,0
DA:126,0
DA:141,0
DA:175,0
DA:177,0
DA:181,0
DA:182,0
DA:184,0
DA:186,0
DA:189,0
DA:190,0
DA:193,0
DA:200,0
DA:202,0
DA:203,0
DA:210,0
DA:211,0
DA:212,0
DA:215,0
DA:217,0
DA:223,0
DA:225,0
DA:229,0
DA:249,0
DA:257,0
DA:269,0
DA:270,0
DA:271,0
DA:272,0
DA:273,0
DA:275,0
DA:278,0
DA:292,0
DA:294,0
DA:296,0
DA:297,0
DA:299,0
DA:300,0
DA:301,0
DA:303,0
DA:304,0
DA:307,0
DA:310,0
DA:312,0
DA:314,0
DA:315,0
DA:317,0
DA:318,0
DA:319,0
DA:323,0
DA:326,0
DA:335,0
DA:341,0
DA:343,0
DA:344,0
DA:345,0
DA:346,0
DA:348,0
DA:349,0
DA:350,0
DA:351,0
DA:354,0
DA:356,0
DA:357,0
DA:358,0
DA:359,0
DA:362,0
DA:367,0
DA:380,0
DA:382,0
DA:383,0
DA:386,0
DA:390,0
DA:391,0
DA:392,0
DA:393,0
DA:396,0
DA:398,0
DA:400,0
DA:409,0
DA:411,0
DA:412,0
DA:414,0
DA:415,0
DA:417,0
DA:418,0
DA:420,0
DA:422,0
DA:424,0
DA:425,0
DA:426,0
DA:427,0
DA:428,0
DA:429,0
DA:430,0
DA:431,0
DA:432,0
DA:433,0
DA:434,0
DA:435,0
DA:437,0
DA:438,0
DA:440,0
DA:444,0
DA:449,0
DA:455,0
DA:456,0
DA:457,0
DA:461,0
DA:462,0
DA:463,0
DA:464,0
DA:467,0
DA:468,0
DA:469,0
DA:470,0
DA:473,0
DA:474,0
DA:476,0
DA:478,0
DA:479,0
DA:482,0
DA:483,0
DA:484,0
DA:485,0
DA:490,0
DA:491,0
DA:492,0
DA:494,0
DA:496,0
DA:499,0
DA:500,0
DA:501,0
DA:503,0
DA:506,0
DA:509,0
DA:510,0
DA:511,0
DA:514,0
DA:516,0
DA:517,0
DA:519,0
DA:520,0
DA:523,0
DA:524,0
DA:526,0
DA:528,0
DA:529,0
DA:530,0
DA:531,0
DA:532,0
DA:533,0
DA:536,0
DA:538,0
DA:539,0
DA:540,0
DA:542,0
DA:543,0
DA:544,0
DA:545,0
DA:546,0
DA:547,0
DA:548,0
DA:549,0
DA:551,0
DA:552,0
DA:553,0
DA:554,0
DA:559,0
DA:561,0
DA:562,0
DA:563,0
DA:569,0
DA:570,0
DA:573,0
DA:576,0
DA:577,0
DA:580,0
DA:582,0
DA:583,0
DA:587,0
DA:589,0
DA:590,0
DA:596,0
LF:231
LH:0
end_of_record
SF:lib/helper/number_format/number_format.dart
DA:93,0
DA:95,0
DA:96,0
DA:97,0
DA:98,0
DA:99,0
DA:105,0
DA:107,0
DA:108,0
DA:109,0
DA:110,0
DA:111,0
DA:118,0
DA:120,0
DA:121,0
DA:122,0
DA:123,0
DA:125,0
DA:136,0
DA:138,0
DA:139,0
DA:140,0
DA:141,0
DA:143,0
DA:144,0
DA:151,0
DA:152,0
DA:154,0
DA:155,0
DA:156,0
DA:212,0
DA:213,0
DA:216,0
DA:217,0
DA:220,0
DA:222,0
DA:226,0
DA:227,0
DA:230,0
DA:232,0
DA:236,0
DA:237,0
DA:241,0
DA:251,0
DA:255,0
DA:256,0
DA:258,0
DA:299,0
DA:305,0
DA:306,0
DA:335,0
DA:337,0
DA:357,0
DA:358,0
DA:366,0
DA:372,0
DA:373,0
DA:374,0
DA:375,0
DA:376,0
DA:378,0
DA:382,0
DA:384,0
DA:393,0
DA:397,0
DA:407,0
DA:408,0
DA:409,0
DA:410,0
DA:411,0
DA:412,0
DA:413,0
DA:414,0
DA:415,0
DA:416,0
DA:417,0
DA:418,0
DA:419,0
DA:420,0
DA:421,0
DA:422,0
DA:423,0
DA:427,0
DA:428,0
DA:436,0
DA:438,0
DA:448,0
DA:450,0
DA:454,0
DA:462,0
DA:464,0
DA:468,0
DA:475,0
DA:479,0
DA:481,0
DA:486,0
DA:489,0
DA:490,0
DA:491,0
DA:493,0
DA:494,0
DA:495,0
DA:497,0
DA:498,0
DA:504,0
DA:507,0
DA:508,0
DA:509,0
DA:511,0
DA:516,0
DA:517,0
DA:518,0
DA:519,0
DA:523,0
DA:524,0
DA:526,0
DA:527,0
DA:533,0
DA:534,0
DA:535,0
DA:539,0
DA:540,0
DA:541,0
DA:543,0
DA:544,0
DA:547,0
DA:548,0
DA:552,0
DA:553,0
DA:554,0
DA:555,0
DA:556,0
DA:557,0
DA:558,0
DA:560,0
DA:565,0
DA:566,0
DA:570,0
DA:572,0
DA:579,0
DA:580,0
DA:581,0
DA:582,0
DA:584,0
DA:588,0
DA:589,0
DA:590,0
DA:591,0
DA:593,0
DA:595,0
DA:601,0
DA:602,0
DA:603,0
DA:608,0
DA:609,0
DA:612,0
DA:613,0
DA:614,0
DA:615,0
DA:616,0
DA:617,0
DA:618,0
DA:619,0
DA:620,0
DA:621,0
DA:622,0
DA:623,0
DA:624,0
DA:625,0
DA:626,0
DA:627,0
DA:630,0
DA:634,0
DA:639,0
DA:640,0
DA:643,0
DA:644,0
DA:646,0
DA:651,0
DA:655,0
DA:656,0
DA:661,0
DA:662,0
DA:672,0
DA:673,0
DA:674,0
DA:684,0
DA:685,0
DA:686,0
DA:688,0
DA:689,0
DA:691,0
DA:693,0
DA:695,0
DA:697,0
DA:698,0
DA:701,0
DA:705,0
DA:706,0
DA:710,0
DA:711,0
DA:713,0
DA:714,0
DA:715,0
DA:717,0
DA:721,0
DA:723,0
DA:726,0
DA:727,0
DA:728,0
DA:730,0
DA:731,0
DA:732,0
DA:737,0
DA:739,0
DA:740,0
DA:745,0
DA:748,0
DA:750,0
DA:751,0
DA:753,0
DA:754,0
DA:756,0
DA:759,0
DA:762,0
DA:766,0
DA:767,0
DA:770,0
DA:771,0
DA:773,0
DA:775,0
DA:777,0
DA:778,0
DA:779,0
DA:780,0
DA:781,0
DA:782,0
DA:786,0
DA:789,0
DA:791,0
DA:797,0
DA:802,0
DA:803,0
DA:804,0
DA:807,0
DA:808,0
DA:809,0
DA:812,0
DA:813,0
DA:815,0
DA:816,0
DA:822,0
DA:823,0
DA:824,0
DA:825,0
DA:826,0
DA:827,0
DA:828,0
DA:829,0
DA:834,0
DA:838,0
DA:839,0
DA:840,0
DA:841,0
DA:842,0
DA:843,0
DA:845,0
DA:846,0
DA:851,0
DA:852,0
DA:853,0
DA:861,0
DA:862,0
DA:866,0
DA:867,0
DA:870,0
DA:871,0
DA:874,0
DA:875,0
DA:878,0
DA:879,0
DA:880,0
DA:882,0
DA:887,0
DA:888,0
DA:889,0
DA:891,0
DA:892,0
DA:902,0
DA:903,0
DA:904,0
DA:905,0
DA:906,0
DA:907,0
DA:908,0
DA:909,0
DA:926,0
DA:930,0
DA:936,0
DA:937,0
DA:938,0
DA:941,0
DA:942,0
DA:945,0
LF:304
LH:0
end_of_record
SF:lib/helper/number_format/plural_rules.dart
DA:32,0
DA:36,0
DA:39,0
DA:40,0
DA:41,0
DA:64,0
DA:65,0
DA:66,0
DA:67,0
DA:75,0
DA:78,0
DA:80,0
DA:81,0
DA:90,0
DA:91,0
DA:97,0
DA:98,0
DA:99,0
DA:127,0
DA:128,0
DA:129,0
DA:130,0
DA:131,0
DA:132,0
DA:134,0
DA:135,0
DA:136,0
DA:137,0
DA:138,0
DA:140,0
DA:143,0
DA:144,0
DA:145,0
DA:147,0
DA:148,0
DA:150,0
DA:151,0
DA:152,0
DA:153,0
DA:154,0
DA:156,0
DA:157,0
DA:159,0
DA:162,0
DA:163,0
DA:164,0
DA:165,0
DA:167,0
DA:168,0
DA:169,0
DA:170,0
DA:171,0
DA:172,0
DA:174,0
DA:177,0
DA:178,0
DA:179,0
DA:181,0
DA:184,0
DA:185,0
DA:186,0
DA:188,0
DA:191,0
DA:192,0
DA:193,0
DA:195,0
DA:198,0
DA:199,0
DA:200,0
DA:202,0
DA:205,0
DA:206,0
DA:207,0
DA:209,0
DA:210,0
DA:212,0
DA:213,0
DA:215,0
DA:218,0
DA:219,0
DA:220,0
DA:222,0
DA:223,0
DA:224,0
DA:225,0
DA:226,0
DA:228,0
DA:229,0
DA:230,0
DA:231,0
DA:233,0
DA:236,0
DA:237,0
DA:238,0
DA:240,0
DA:243,0
DA:244,0
DA:245,0
DA:246,0
DA:247,0
DA:249,0
DA:250,0
DA:251,0
DA:252,0
DA:254,0
DA:257,0
DA:258,0
DA:259,0
DA:261,0
DA:262,0
DA:264,0
DA:265,0
DA:267,0
DA:270,0
DA:271,0
DA:272,0
DA:274,0
DA:275,0
DA:277,0
DA:278,0
DA:280,0
DA:283,0
DA:284,0
DA:285,0
DA:287,0
DA:290,0
DA:291,0
DA:292,0
DA:294,0
DA:295,0
DA:297,0
DA:298,0
DA:300,0
DA:301,0
DA:303,0
DA:304,0
DA:306,0
DA:309,0
DA:310,0
DA:311,0
DA:313,0
DA:316,0
DA:317,0
DA:318,0
DA:320,0
DA:321,0
DA:322,0
DA:323,0
DA:324,0
DA:326,0
DA:327,0
DA:328,0
DA:329,0
DA:331,0
DA:334,0
DA:335,0
DA:336,0
DA:338,0
DA:339,0
DA:341,0
DA:342,0
DA:344,0
DA:345,0
DA:346,0
DA:347,0
DA:349,0
DA:352,0
DA:353,0
DA:354,0
DA:356,0
DA:359,0
DA:360,0
DA:361,0
DA:363,0
DA:364,0
DA:366,0
DA:367,0
DA:369,0
DA:370,0
DA:372,0
DA:373,0
DA:375,0
DA:378,0
DA:379,0
DA:380,0
DA:382,0
DA:385,0
DA:386,0
DA:387,0
DA:389,0
DA:392,0
DA:393,0
DA:394,0
DA:396,0
DA:399,0
DA:400,0
DA:401,0
DA:403,0
DA:404,0
DA:406,0
DA:409,0
DA:410,0
DA:411,0
DA:413,0
DA:414,0
DA:416,0
DA:417,0
DA:419,0
DA:420,0
DA:422,0
DA:423,0
DA:425,0
DA:426,0
DA:428,0
DA:431,0
DA:432,0
DA:433,0
DA:435,0
DA:436,0
DA:438,0
DA:439,0
DA:441,0
DA:444,0
DA:445,0
DA:446,0
DA:448,0
DA:449,0
DA:450,0
DA:451,0
DA:452,0
DA:454,0
DA:455,0
DA:457,0
DA:460,0
DA:461,0
DA:462,0
DA:464,0
DA:467,0
DA:468,0
DA:469,0
DA:471,0
DA:475,0
DA:602,0
LF:243
LH:0
end_of_record
SF:lib/helper/number_format/number_format_parser.dart
DA:21,0
DA:40,0
DA:41,0
DA:88,0
DA:90,0
DA:91,0
DA:93,0
DA:101,0
DA:102,0
DA:104,0
DA:105,0
DA:110,0
DA:111,0
DA:112,0
DA:115,0
DA:116,0
DA:117,0
DA:118,0
DA:121,0
DA:122,0
DA:123,0
DA:126,0
DA:127,0
DA:128,0
DA:129,0
DA:130,0
DA:133,0
DA:135,0
DA:138,0
DA:139,0
DA:142,0
DA:143,0
DA:145,0
DA:146,0
DA:147,0
DA:157,0
DA:158,0
DA:159,0
DA:160,0
DA:161,0
DA:167,0
DA:168,0
DA:169,0
DA:170,0
DA:171,0
DA:172,0
DA:173,0
DA:174,0
DA:176,0
DA:181,0
DA:182,0
DA:185,0
DA:186,0
DA:187,0
DA:188,0
DA:189,0
DA:191,0
DA:193,0
DA:195,0
DA:196,0
DA:199,0
DA:200,0
DA:202,0
DA:203,0
DA:206,0
DA:207,0
DA:210,0
DA:225,0
DA:227,0
DA:228,0
DA:229,0
DA:232,0
DA:235,0
DA:236,0
DA:237,0
DA:238,0
DA:242,0
DA:243,0
DA:244,0
DA:245,0
DA:246,0
DA:247,0
DA:249,0
DA:251,0
DA:252,0
DA:253,0
DA:254,0
DA:255,0
DA:256,0
DA:257,0
DA:264,0
DA:265,0
DA:266,0
DA:267,0
DA:268,0
DA:271,0
DA:272,0
DA:273,0
DA:277,0
DA:278,0
DA:279,0
DA:281,0
DA:282,0
DA:284,0
DA:290,0
DA:291,0
DA:293,0
DA:294,0
DA:295,0
DA:297,0
DA:299,0
DA:300,0
DA:303,0
DA:304,0
DA:305,0
DA:306,0
DA:308,0
DA:309,0
DA:310,0
DA:313,0
DA:314,0
DA:315,0
DA:316,0
DA:318,0
DA:320,0
DA:321,0
DA:322,0
DA:323,0
DA:325,0
DA:327,0
DA:328,0
DA:329,0
DA:330,0
DA:331,0
DA:333,0
DA:334,0
DA:337,0
DA:338,0
DA:339,0
DA:340,0
DA:341,0
DA:346,0
DA:347,0
DA:348,0
DA:351,0
DA:352,0
DA:353,0
DA:359,0
DA:360,0
DA:365,0
LF:150
LH:0
end_of_record
SF:lib/helper/number_format/number_parser.dart
DA:31,0
DA:61,0
DA:62,0
DA:63,0
DA:64,0
DA:65,0
DA:68,0
DA:69,0
DA:70,0
DA:78,0
DA:79,0
DA:83,0
DA:84,0
DA:85,0
DA:86,0
DA:87,0
DA:88,0
DA:91,0
DA:92,0
DA:95,0
DA:96,0
DA:97,0
DA:98,0
DA:101,0
DA:102,0
DA:108,0
DA:109,0
DA:113,0
DA:114,0
DA:115,0
DA:116,0
DA:121,0
DA:122,0
DA:123,0
DA:124,0
DA:133,0
DA:134,0
DA:135,0
DA:140,0
DA:141,0
DA:145,0
DA:146,0
DA:147,0
DA:148,0
DA:149,0
DA:153,0
DA:154,0
DA:160,0
DA:161,0
DA:162,0
DA:163,0
DA:170,0
DA:175,0
DA:176,0
DA:177,0
DA:181,0
DA:182,0
DA:183,0
DA:184,0
DA:190,0
DA:196,0
DA:197,0
DA:198,0
DA:199,0
DA:201,0
DA:202,0
DA:205,0
DA:206,0
DA:208,0
DA:209,0
DA:210,0
DA:216,0
DA:217,0
DA:221,0
DA:222,0
DA:223,0
DA:225,0
DA:226,0
DA:228,0
DA:229,0
DA:231,0
DA:233,0
DA:236,0
DA:237,0
DA:238,0
DA:239,0
LF:86
LH:0
end_of_record
SF:lib/helper/number_format/number_symbols.dart
DA:31,0
DA:49,0
DA:50,0
DA:61,0
LF:4
LH:0
end_of_record
SF:lib/helper/number_format/number_symbols_data.dart
DA:26,0
DA:28,0
DA:46,0
DA:64,0
DA:82,0
DA:100,0
DA:118,0
DA:136,0
DA:154,0
DA:172,0
DA:190,0
DA:208,0
DA:226,0
DA:244,0
DA:262,0
DA:280,0
DA:298,0
DA:316,0
DA:334,0
DA:352,0
DA:370,0
DA:388,0
DA:406,0
DA:424,0
DA:442,0
DA:460,0
DA:478,0
DA:496,0
DA:514,0
DA:532,0
DA:550,0
DA:568,0
DA:586,0
DA:604,0
DA:622,0
DA:640,0
DA:658,0
DA:676,0
DA:694,0
DA:712,0
DA:730,0
DA:748,0
DA:766,0
DA:784,0
DA:802,0
DA:820,0
DA:838,0
DA:856,0
DA:874,0
DA:892,0
DA:910,0
DA:928,0
DA:946,0
DA:964,0
DA:983,0
DA:1001,0
DA:1019,0
DA:1037,0
DA:1055,0
DA:1073,0
DA:1091,0
DA:1109,0
DA:1127,0
DA:1145,0
DA:1164,0
DA:1182,0
DA:1201,0
DA:1219,0
DA:1237,0
DA:1255,0
DA:1273,0
DA:1291,0
DA:1309,0
DA:1328,0
DA:1346,0
DA:1364,0
DA:1382,0
DA:1400,0
DA:1418,0
DA:1436,0
DA:1454,0
DA:1472,0
DA:1490,0
DA:1509,0
DA:1527,0
DA:1545,0
DA:1563,0
DA:1581,0
DA:1599,0
DA:1617,0
DA:1635,0
DA:1653,0
DA:1671,0
DA:1689,0
DA:1707,0
DA:1725,0
DA:1743,0
DA:1761,0
DA:1779,0
DA:1797,0
DA:1815,0
DA:1833,0
DA:1851,0
DA:1869,0
DA:1887,0
DA:1905,0
DA:1923,0
DA:1941,0
DA:1959,0
DA:1977,0
DA:1995,0
DA:2013,0
DA:2031,0
DA:2049,0
DA:2067,0
DA:2085,0
DA:2103,0
DA:2121,0
DA:2139,0
DA:2157,0
DA:2176,0
DA:2178,0
DA:2195,0
DA:2212,0
DA:2253,0
DA:2294,0
DA:2335,0
DA:2364,0
DA:2381,0
DA:2418,0
DA:2451,0
DA:2463,0
DA:2485,0
DA:2526,0
DA:2559,0
DA:2592,0
DA:2609,0
DA:2670,0
DA:2731,0
DA:2760,0
DA:2793,0
DA:2826,0
DA:2859,0
DA:2907,0
DA:2924,0
DA:2941,0
DA:2958,0
DA:2975,0
DA:2992,0
DA:3011,0
DA:3028,0
DA:3045,0
DA:3062,0
DA:3079,0
DA:3096,0
DA:3121,0
DA:3144,0
DA:3169,0
DA:3194,0
DA:3216,0
DA:3245,0
DA:3265,0
DA:3290,0
DA:3323,0
DA:3352,0
DA:3383,0
DA:3410,0
DA:3441,0
DA:3453,0
DA:3512,0
DA:3541,0
DA:3564,0
DA:3593,0
DA:3605,0
DA:3622,0
DA:3644,0
DA:3677,0
DA:3694,0
DA:3711,0
DA:3728,0
DA:3745,0
DA:3771,0
DA:3808,0
DA:3845,0
DA:3862,0
DA:3879,0
DA:3898,0
DA:3916,0
DA:3935,0
DA:3954,0
DA:3971,0
DA:3988,0
DA:4000,0
DA:4023,0
DA:4060,0
DA:4113,0
DA:4125,0
DA:4159,0
DA:4176,0
DA:4198,0
DA:4221,0
DA:4238,0
DA:4250,0
DA:4296,0
DA:4325,0
DA:4348,0
DA:4365,0
DA:4394,0
DA:4423,0
DA:4435,0
DA:4452,0
DA:4475,0
DA:4512,0
DA:4538,0
DA:4564,0
DA:4590,0
DA:4615,0
DA:4653,0
DA:4690,0
DA:4707,0
DA:4768,0
DA:4806,0
DA:4823,0
DA:4856,0
DA:4889,0
DA:4918,0
DA:4958,0
DA:4986,0
DA:5023,0
DA:5044,0
DA:5073,0
DA:5090,0
DA:5127,0
DA:5151,0
DA:5168,0
DA:5185,0
DA:5202,0
DA:5219,0
DA:5236,0
DA:5253,0
DA:5275,0
LF:241
LH:0
end_of_record
SF:lib/helper/number_format/string_stack.dart
DA:13,0
DA:15,0
DA:17,0
DA:19,0
DA:22,0
DA:26,0
DA:27,0
DA:28,0
DA:33,0
DA:37,0
DA:38,0
DA:41,0
DA:43,0
DA:45,0
LF:14
LH:0
end_of_record
SF:lib/jsonexpr/expr_evaluator.dart
DA:6,0
DA:8,0
DA:9,0
DA:10,0
DA:11,0
DA:12,0
DA:13,0
DA:19,3
DA:21,3
DA:23,3
DA:24,3
DA:25,3
DA:27,6
DA:28,9
DA:29,3
DA:31,4
DA:39,3
DA:41,3
DA:43,3
DA:44,3
DA:45,3
DA:46,4
DA:52,2
DA:54,2
DA:55,4
DA:56,0
DA:58,0
DA:60,0
DA:64,0
DA:67,1
DA:69,1
DA:71,0
DA:72,0
DA:73,0
DA:74,0
DA:79,2
DA:81,2
DA:83,2
DA:85,4
DA:87,2
DA:90,0
DA:94,2
DA:96,2
DA:110,2
DA:118,1
DA:119,1
DA:121,1
DA:123,0
DA:124,0
DA:126,0
DA:128,0
DA:129,0
DA:130,0
DA:131,0
LF:54
LH:31
end_of_record
SF:lib/jsonexpr/operators/and_combinator.dart
DA:5,2
DA:7,4
DA:8,4
LF:3
LH:3
end_of_record
SF:lib/jsonexpr/operators/equals_operator.dart
DA:5,1
DA:7,1
DA:11,1
LF:3
LH:3
end_of_record
SF:lib/jsonexpr/operators/greater_then_operator.dart
DA:5,1
DA:7,1
DA:8,1
LF:3
LH:3
end_of_record
SF:lib/jsonexpr/operators/greater_then_or_equal_operator.dart
DA:5,1
DA:7,1
DA:8,1
LF:3
LH:3
end_of_record
SF:lib/jsonexpr/operators/in_operator.dart
DA:5,1
DA:7,1
DA:8,0
DA:9,0
DA:14,1
DA:15,1
DA:16,1
DA:17,1
DA:18,1
DA:19,1
LF:10
LH:8
end_of_record
SF:lib/jsonexpr/operators/less_then_operator.dart
DA:5,1
DA:7,1
DA:8,1
LF:3
LH:3
end_of_record
SF:lib/jsonexpr/operators/less_then_or_eqal_operator.dart
DA:5,1
DA:7,1
DA:8,1
LF:3
LH:3
end_of_record
SF:lib/jsonexpr/operators/match_operator.dart
DA:6,1
DA:8,1
DA:10,1
DA:13,1
DA:14,1
LF:5
LH:5
end_of_record
SF:lib/jsonexpr/operators/not_operator.dart
DA:6,1
DA:8,1
LF:2
LH:2
end_of_record
SF:lib/jsonexpr/operators/null_operator.dart
DA:6,1
LF:1
LH:1
end_of_record
SF:lib/jsonexpr/operators/or_combinator.dart
DA:5,1
DA:7,2
DA:8,2
DA:12,1
LF:4
LH:4
end_of_record
SF:lib/jsonexpr/operators/value_operator.dart
DA:5,1
LF:1
LH:1
end_of_record
SF:lib/jsonexpr/operators/var_operator.dart
DA:5,2
DA:7,2
DA:8,2
DA:9,1
DA:10,1
DA:13,4
LF:6
LH:6
end_of_record
SF:lib/jsonexpr/operators/boolean_combinator.dart
DA:5,2
DA:7,2
DA:9,2
LF:3
LH:3
end_of_record
SF:lib/jsonexpr/operators/binary_operator.dart
DA:5,1
DA:7,1
DA:9,1
DA:10,3
DA:12,4
DA:14,1
LF:6
LH:6
end_of_record
SF:lib/jsonexpr/operators/unary_operator.dart
DA:5,1
DA:7,1
DA:8,1
DA:15,0
DA:17,0
LF:5
LH:3
end_of_record
SF:lib/jsonexpr/evaluator.mocks.dart
DA:24,0
DA:25,0
DA:26,0
DA:28,0
DA:33,0
DA:34,0
DA:35,0
DA:37,0
LF:8
LH:0
end_of_record
SF:lib/jsonexpr/operator.mocks.dart
DA:25,0
DA:30,0
DA:31,0
DA:33,0
LF:4
LH:0
end_of_record
